Base path: /Applications/Unity/Unity.app/Contents
Pipe name: \\.\pipe\UnityShaderCompiler-4--1329819648
Cmd: getPlatforms
Cmd: compileSnippet
  api=9 type=0 insize=1007 outsize=625 kw= ok=1
Cmd: compileSnippet
  api=9 type=0 insize=986 outsize=721 kw= ok=1
Cmd: compileSnippet
  api=9 type=0 insize=1203 outsize=1140 kw= ok=1
Cmd: compileSnippet
  api=9 type=0 insize=1274 outsize=1049 kw= ok=1
Cmd: compileSnippet
  api=9 type=1 insize=1260 outsize=7 kw= ok=1
Cmd: compileSnippet
  api=9 type=0 insize=1260 outsize=1339 kw= ok=1
Cmd: compileSnippet
  api=9 type=1 insize=1008 outsize=7 kw= ok=1
Cmd: compileSnippet
  api=9 type=0 insize=1222 outsize=1116 kw= ok=1
Cmd: compileSnippet
  api=9 type=1 insize=1218 outsize=7 kw= ok=1
Cmd: compileSnippet
  api=9 type=0 insize=1333 outsize=1049 kw= ok=1
Cmd: compileSnippet
  api=9 type=1 insize=942 outsize=7 kw= ok=1
Cmd: compileSnippet
  api=9 type=0 insize=1041 outsize=928 kw= ok=1
End of pipe

Quitting shader compiler process
