Base path: /Applications/Unity/Unity.app/Contents
Pipe name: \\.\pipe\UnityShaderCompiler-3--1330352128
Cmd: getPlatforms
Cmd: compileSnippet
  api=9 type=1 insize=956 outsize=7 kw= ok=1
Cmd: compileSnippet
  api=9 type=1 insize=986 outsize=7 kw= ok=1
Cmd: compileSnippet
  api=9 type=1 insize=1203 outsize=7 kw= ok=1
Cmd: compileSnippet
  api=9 type=1 insize=1322 outsize=7 kw= ok=1
Cmd: compileSnippet
  api=9 type=0 insize=1260 outsize=1014 kw= ok=1
Cmd: compileSnippet
  api=9 type=1 insize=949 outsize=7 kw= ok=1
Cmd: compileSnippet
  api=9 type=0 insize=1008 outsize=625 kw= ok=1
Cmd: compileSnippet
  api=9 type=1 insize=1282 outsize=7 kw= ok=1
Cmd: compileSnippet
  api=9 type=0 insize=1218 outsize=1116 kw= ok=1
Cmd: compileSnippet
  api=9 type=1 insize=1277 outsize=7 kw= ok=1
Cmd: compileSnippet
  api=9 type=0 insize=942 outsize=631 kw= ok=1
Cmd: compileSnippet
  api=9 type=1 insize=1051 outsize=7 kw= ok=1
End of pipe

Quitting shader compiler process
